<?xml version="1.0" encoding="UTF-8"?>
<!-- Generated by org.testng.reporters.JUnitReportReporter -->
<testsuite hostname="uptemto-ktds" failures="0" tests="4" name="com.test.testcase.KtshowLoginTest" time="612.351" errors="1" timestamp="2022-07-06T10:02:43 KST" skipped="0">
  <testcase classname="com.test.testcase.KtshowLoginTest" name="loginTest" time="158.378">
    <error message="An element could not be located on the page using the given search parameters.
For documentation on this error, please visit: https://www.seleniumhq.org/exceptions/no_such_element.html
Build info: version: &#039;3.141.59&#039;, revision: &#039;e82be7d358&#039;, time: &#039;2018-11-14T08:17:03&#039;
System info: host: &#039;uptemto-ktds&#039;, ip: &#039;127.0.1.1&#039;, os.name: &#039;Linux&#039;, os.arch: &#039;amd64&#039;, os.version: &#039;5.13.0-52-generic&#039;, java.version: &#039;11.0.15&#039;
Driver info: io.appium.java_client.android.AndroidDriver
Capabilities {appActivity: com.ktshow.cs.activity.Main..., appPackage: com.ktshow.cs, autoGrantPermissions: true, databaseEnabled: false, desired: {appActivity: com.ktshow.cs.activity.Main..., appPackage: com.ktshow.cs, autoGrantPermissions: true, deviceName: Galaxy Z Flip3 5G, newCommandTimeout: 20000, noReset: false, platformName: android, server:CONFIG_UUID: b34b48b6-d08f-4fcc-b163-3e4..., systemPort: 8203, udid: R3CN50281W}, deviceApiLevel: 30, deviceManufacturer: samsung, deviceModel: SM-F707N, deviceName: R3CN50281W, deviceScreenDensity: 480, deviceScreenSize: 1080x2636, deviceUDID: R3CN50281W, javascriptEnabled: true, locationContextEnabled: false, networkConnectionEnabled: true, newCommandTimeout: 20000, noReset: false, pixelRatio: 3, platform: LINUX, platformName: Android, platformVersion: 11, server:CONFIG_UUID: b34b48b6-d08f-4fcc-b163-3e4..., statBarHeight: 92, systemPort: 8203, takesScreenshot: true, udid: R3CN50281W, viewportRect: {height: 2309, left: 0, top: 92, width: 1080}, warnings: {}, webStorageEnabled: false}
Session ID: f13c5051-0cc6-443e-80ed-8c2be42d04c0
*** Element info: {Using=id, value=com.ktshow.cs:id/tv_confirm}" type="org.openqa.selenium.NoSuchElementException">
      <![CDATA[org.openqa.selenium.NoSuchElementException: An element could not be located on the page using the given search parameters.
For documentation on this error, please visit: https://www.seleniumhq.org/exceptions/no_such_element.html
Build info: version: '3.141.59', revision: 'e82be7d358', time: '2018-11-14T08:17:03'
System info: host: 'uptemto-ktds', ip: '127.0.1.1', os.name: 'Linux', os.arch: 'amd64', os.version: '5.13.0-52-generic', java.version: '11.0.15'
Driver info: io.appium.java_client.android.AndroidDriver
Capabilities {appActivity: com.ktshow.cs.activity.Main..., appPackage: com.ktshow.cs, autoGrantPermissions: true, databaseEnabled: false, desired: {appActivity: com.ktshow.cs.activity.Main..., appPackage: com.ktshow.cs, autoGrantPermissions: true, deviceName: Galaxy Z Flip3 5G, newCommandTimeout: 20000, noReset: false, platformName: android, server:CONFIG_UUID: b34b48b6-d08f-4fcc-b163-3e4..., systemPort: 8203, udid: R3CN50281W}, deviceApiLevel: 30, deviceManufacturer: samsung, deviceModel: SM-F707N, deviceName: R3CN50281W, deviceScreenDensity: 480, deviceScreenSize: 1080x2636, deviceUDID: R3CN50281W, javascriptEnabled: true, locationContextEnabled: false, networkConnectionEnabled: true, newCommandTimeout: 20000, noReset: false, pixelRatio: 3, platform: LINUX, platformName: Android, platformVersion: 11, server:CONFIG_UUID: b34b48b6-d08f-4fcc-b163-3e4..., statBarHeight: 92, systemPort: 8203, takesScreenshot: true, udid: R3CN50281W, viewportRect: {height: 2309, left: 0, top: 92, width: 1080}, warnings: {}, webStorageEnabled: false}
Session ID: f13c5051-0cc6-443e-80ed-8c2be42d04c0
*** Element info: {Using=id, value=com.ktshow.cs:id/tv_confirm}
at java.base/jdk.internal.reflect.NativeConstructorAccessorImpl.newInstance0(Native Method)
at java.base/jdk.internal.reflect.NativeConstructorAccessorImpl.newInstance(NativeConstructorAccessorImpl.java:62)
at java.base/jdk.internal.reflect.DelegatingConstructorAccessorImpl.newInstance(DelegatingConstructorAccessorImpl.java:45)
at java.base/java.lang.reflect.Constructor.newInstance(Constructor.java:490)
at org.openqa.selenium.remote.http.W3CHttpResponseCodec.createException(W3CHttpResponseCodec.java:187)
at org.openqa.selenium.remote.http.W3CHttpResponseCodec.decode(W3CHttpResponseCodec.java:122)
at org.openqa.selenium.remote.http.W3CHttpResponseCodec.decode(W3CHttpResponseCodec.java:49)
at org.openqa.selenium.remote.HttpCommandExecutor.execute(HttpCommandExecutor.java:158)
at io.appium.java_client.remote.AppiumCommandExecutor.execute(AppiumCommandExecutor.java:239)
at org.openqa.selenium.remote.RemoteWebDriver.execute(RemoteWebDriver.java:552)
at io.appium.java_client.DefaultGenericMobileDriver.execute(DefaultGenericMobileDriver.java:41)
at io.appium.java_client.AppiumDriver.execute(AppiumDriver.java:1)
at io.appium.java_client.android.AndroidDriver.execute(AndroidDriver.java:1)
at org.openqa.selenium.remote.RemoteWebDriver.findElement(RemoteWebDriver.java:323)
at io.appium.java_client.DefaultGenericMobileDriver.findElement(DefaultGenericMobileDriver.java:61)
at io.appium.java_client.AppiumDriver.findElement(AppiumDriver.java:1)
at io.appium.java_client.android.AndroidDriver.findElement(AndroidDriver.java:1)
at org.openqa.selenium.remote.RemoteWebDriver.findElementById(RemoteWebDriver.java:372)
at io.appium.java_client.DefaultGenericMobileDriver.findElementById(DefaultGenericMobileDriver.java:69)
at io.appium.java_client.AppiumDriver.findElementById(AppiumDriver.java:1)
at io.appium.java_client.android.AndroidDriver.findElementById(AndroidDriver.java:1)
at org.openqa.selenium.By$ById.findElement(By.java:188)
at org.openqa.selenium.remote.RemoteWebDriver.findElement(RemoteWebDriver.java:315)
at io.appium.java_client.DefaultGenericMobileDriver.findElement(DefaultGenericMobileDriver.java:57)
at io.appium.java_client.AppiumDriver.findElement(AppiumDriver.java:1)
at io.appium.java_client.android.AndroidDriver.findElement(AndroidDriver.java:1)
at com.test.testcase.KtshowLoginTest.loginTest(KtshowLoginTest.java:74)
at java.base/jdk.internal.reflect.NativeMethodAccessorImpl.invoke0(Native Method)
at java.base/jdk.internal.reflect.NativeMethodAccessorImpl.invoke(NativeMethodAccessorImpl.java:62)
at java.base/jdk.internal.reflect.DelegatingMethodAccessorImpl.invoke(DelegatingMethodAccessorImpl.java:43)
at java.base/java.lang.reflect.Method.invoke(Method.java:566)
at org.testng.internal.MethodInvocationHelper.invokeMethod(MethodInvocationHelper.java:133)
at org.testng.internal.TestInvoker.invokeMethod(TestInvoker.java:598)
at org.testng.internal.TestInvoker.invokeTestMethod(TestInvoker.java:173)
at org.testng.internal.MethodRunner.runInSequence(MethodRunner.java:46)
at org.testng.internal.TestInvoker$MethodInvocationAgent.invoke(TestInvoker.java:824)
at org.testng.internal.TestInvoker.invokeTestMethods(TestInvoker.java:146)
at org.testng.internal.TestMethodWorker.invokeTestMethods(TestMethodWorker.java:146)
at org.testng.internal.TestMethodWorker.run(TestMethodWorker.java:128)
at java.base/java.util.ArrayList.forEach(ArrayList.java:1541)
at org.testng.TestRunner.privateRun(TestRunner.java:794)
at org.testng.TestRunner.run(TestRunner.java:596)
at org.testng.SuiteRunner.runTest(SuiteRunner.java:377)
at org.testng.SuiteRunner.access$000(SuiteRunner.java:28)
at org.testng.SuiteRunner$SuiteWorker.run(SuiteRunner.java:418)
at org.testng.internal.thread.ThreadUtil.lambda$execute$0(ThreadUtil.java:64)
at java.base/java.util.concurrent.FutureTask.run(FutureTask.java:264)
at java.base/java.util.concurrent.ThreadPoolExecutor.runWorker(ThreadPoolExecutor.java:1128)
at java.base/java.util.concurrent.ThreadPoolExecutor$Worker.run(ThreadPoolExecutor.java:628)
at java.base/java.lang.Thread.run(Thread.java:829)
]]>
    </error>
  </testcase> <!-- loginTest -->
  <system-out/>
  <testcase classname="com.test.testcase.KtshowLoginTest" name="loginTest" time="160.559"/>
  <system-out/>
  <testcase classname="com.test.testcase.KtshowLoginTest" name="loginTest" time="152.359"/>
  <system-out/>
  <testcase classname="com.test.testcase.KtshowLoginTest" name="loginTest" time="141.055"/>
  <system-out/>
</testsuite> <!-- com.test.testcase.KtshowLoginTest -->
